<?xml version="1.0" encoding="UTF-8"?>
<testsuite name="com.wordz.domain.WordTest" tests="2" skipped="0" failures="0" errors="0" timestamp="2024-05-08T14:08:47" hostname="LAPTOP-662VNBS9" time="0.057">
  <properties/>
  <testcase name="allScoreCombinations()" classname="com.wordz.domain.WordTest" time="0.056"/>
  <testcase name="secondLetterWrongPosition()" classname="com.wordz.domain.WordTest" time="0.001"/>
  <system-out><![CDATA[]]></system-out>
  <system-err><![CDATA[]]></system-err>
</testsuite>
