<?xml version="1.0" encoding="UTF-8"?>
<testsuite name="com.wordz.domain.WordTest" tests="2" skipped="0" failures="0" errors="0" timestamp="2024-05-08T13:47:40" hostname="LAPTOP-662VNBS9" time="0.054">
  <properties/>
  <testcase name="oneCorrectLetter()" classname="com.wordz.domain.WordTest" time="0.053"/>
  <testcase name="oneIncorrectLetter()" classname="com.wordz.domain.WordTest" time="0.0"/>
  <system-out><![CDATA[]]></system-out>
  <system-err><![CDATA[]]></system-err>
</testsuite>
