<?xml version="1.0" encoding="UTF-8"?>
<testsuite name="com.wordz.QuizTest" tests="1" skipped="0" failures="0" errors="0" timestamp="2024-05-08T15:18:24" hostname="LAPTOP-662VNBS9" time="0.016">
  <properties/>
  <testcase name="testLoadQuestionsFromRepository()" classname="com.wordz.QuizTest" time="0.016"/>
  <system-out><![CDATA[]]></system-out>
  <system-err><![CDATA[]]></system-err>
</testsuite>
